<?xml version="1.0" encoding="UTF-8"?>
<!-- Generated by org.testng.reporters.JUnitXMLReporter -->
<testsuite ignored="0" hostname="Sunny_lappy" failures="1" tests="1" name="Default test" time="0.616" errors="0" timestamp="2024-02-17T20:50:10 EST">
  <testcase classname="io.cucumber.testng.AbstractTestNGCucumberTests" name="runScenario" time="0.205">
    <failure type="java.lang.Error" message="Unresolved compilation problems: 
	testBase cannot be resolved or is not a field
	FileUtils cannot be resolved
">
      <![CDATA[java.lang.Error: Unresolved compilation problems: 
testBase cannot be resolved or is not a field
FileUtils cannot be resolved

at stepDefinitions.Hooks.AddScreenshot(Hooks.java:36)
]]>
    </failure>
  </testcase> <!-- runScenario -->
</testsuite> <!-- Default test -->
