<?xml version="1.0" encoding="UTF-8"?>
<testng-results ignored="0" total="1" passed="0" failed="1" skipped="0">
  <reporter-output>
  </reporter-output>
  <suite started-at="2024-02-17T20:50:09 EST" name="Default suite" finished-at="2024-02-17T20:50:10 EST" duration-ms="616">
    <groups>
      <group name="cucumber">
        <method signature="AbstractTestNGCucumberTests.runScenario(io.cucumber.testng.PickleWrapper,io.cucumber.testng.FeatureWrapper)[pri:0, instance:CucumberOptions.TestRunner@58cbafc2]" name="runScenario" class="io.cucumber.testng.AbstractTestNGCucumberTests"/>
      </group> <!-- cucumber -->
    </groups>
    <test started-at="2024-02-17T20:50:09 EST" name="Default test" finished-at="2024-02-17T20:50:10 EST" duration-ms="616">
      <class name="CucumberOptions.TestRunner">
        <test-method is-config="true" signature="setUpClass(org.testng.ITestContext)[pri:0, instance:CucumberOptions.TestRunner@58cbafc2]" started-at="2024-02-17T20:50:09 EST" name="setUpClass" finished-at="2024-02-17T20:50:10 EST" duration-ms="347" status="PASS">
          <params>
            <param index="0">
              <value>
                <![CDATA[org.testng.TestRunner@841e575]]>
              </value>
            </param>
          </params>
          <reporter-output>
          </reporter-output>
        </test-method> <!-- setUpClass -->
        <test-method signature="runScenario(io.cucumber.testng.PickleWrapper,io.cucumber.testng.FeatureWrapper)[pri:0, instance:CucumberOptions.TestRunner@58cbafc2]" started-at="2024-02-17T20:50:10 EST" name="runScenario" description="Runs Cucumber Scenarios" data-provider="scenarios" finished-at="2024-02-17T20:50:10 EST" duration-ms="205" status="FAIL">
          <params>
            <param index="0">
              <value>
                <![CDATA["Search experience for products in both home and deal page"]]>
              </value>
            </param>
            <param index="1">
              <value>
                <![CDATA["Search and place the order for vegetable products"]]>
              </value>
            </param>
          </params>
          <exception class="java.lang.Error">
            <message>
              <![CDATA[Unresolved compilation problems: 
testBase cannot be resolved or is not a field
FileUtils cannot be resolved
]]>
            </message>
            <full-stacktrace>
              <![CDATA[java.lang.Error: Unresolved compilation problems: 
testBase cannot be resolved or is not a field
FileUtils cannot be resolved

at stepDefinitions.Hooks.AddScreenshot(Hooks.java:36)
]]>
            </full-stacktrace>
          </exception> <!-- java.lang.Error -->
          <reporter-output>
          </reporter-output>
        </test-method> <!-- runScenario -->
        <test-method is-config="true" signature="tearDownClass()[pri:0, instance:CucumberOptions.TestRunner@58cbafc2]" started-at="2024-02-17T20:50:10 EST" name="tearDownClass" finished-at="2024-02-17T20:50:10 EST" duration-ms="6" status="PASS">
          <reporter-output>
          </reporter-output>
        </test-method> <!-- tearDownClass -->
      </class> <!-- CucumberOptions.TestRunner -->
    </test> <!-- Default test -->
  </suite> <!-- Default suite -->
</testng-results>
